<?xml version="1.0" encoding="UTF-8"?>
<robot generator="Robot 3.2.1 (Python 3.8.3 on win32)" generated="20200720 22:40:58.755" rpa="false">
<suite id="s1" name="Cart" source="C:\Qaninja\Pixel\tests\cart.robot">
<test id="s1-t1" name="Comprar produto">
<kw name="Abrir app" library="android" type="setup">
<kw name="Set Appium Timeout" library="AppiumLibrary">
<doc>Sets the timeout in seconds used by various keywords.</doc>
<arguments>
<arg>${timeout}</arg>
</arguments>
<status status="PASS" starttime="20200720 22:40:59.157" endtime="20200720 22:40:59.157"></status>
</kw>
<kw name="Open Application" library="AppiumLibrary">
<doc>Opens a new application to given Appium server.
Capabilities of appium server, Android and iOS,
Please check https://github.com/appium/appium/blob/master/docs/en/writing-running-appium/server-args.md
| *Option*            | *Man.* | *Description*     |
| remote_url          | Yes    | Appium server url |
| alias               | no     | alias             |</doc>
<arguments>
<arg>${URL}</arg>
<arg>platformName=Android</arg>
<arg>deviceName=${deviceName}</arg>
<arg>app=C:\\Qaninja\\Pixel\\resources\\app\\pixel.apk</arg>
<arg>automationName=uiautomator2</arg>
<arg>autoGrantPermissions=true</arg>
</arguments>
<status status="PASS" starttime="20200720 22:40:59.157" endtime="20200720 22:41:18.006"></status>
</kw>
<status status="PASS" starttime="20200720 22:40:59.156" endtime="20200720 22:41:18.007"></status>
</kw>
<kw name="Faço login com as credencias &quot;fernando@qaninja.io&quot; e &quot;pass123&quot;" library="cart">
<kw name="Clean Cart" library="api_helper">
<arguments>
<arg>${email}</arg>
</arguments>
<msg timestamp="20200720 22:41:18.774" level="INFO">{"message":"Cart Not Found"}</msg>
<status status="PASS" starttime="20200720 22:41:18.013" endtime="20200720 22:41:18.775"></status>
</kw>
<kw name="Dado que acesso a tela de Login" library="login">
<kw name="Wait Until Page Contains Element" library="AppiumLibrary">
<doc>Waits until element specified with `locator` appears on current page.</doc>
<arguments>
<arg>${BT_ACCOUNT}</arg>
<arg>${timeout}</arg>
</arguments>
<status status="PASS" starttime="20200720 22:41:18.776" endtime="20200720 22:41:21.677"></status>
</kw>
<kw name="Click Element" library="AppiumLibrary">
<doc>Click element identified by `locator`.</doc>
<arguments>
<arg>${BT_ACCOUNT}</arg>
</arguments>
<msg timestamp="20200720 22:41:21.680" level="INFO">Clicking element 'id=qaninja.com.pixel:id/accountButt'.</msg>
<status status="PASS" starttime="20200720 22:41:21.677" endtime="20200720 22:41:22.504"></status>
</kw>
<status status="PASS" starttime="20200720 22:41:18.775" endtime="20200720 22:41:22.504"></status>
</kw>
<kw name="Quando submeto minhas credenciais &quot;${email}&quot; e &quot;${senha}&quot;" library="login">
<kw name="Wait Until Page Contains" library="AppiumLibrary">
<doc>Waits until `text` appears on current page.</doc>
<arguments>
<arg>Login</arg>
<arg>${timeout}</arg>
</arguments>
<status status="PASS" starttime="20200720 22:41:22.506" endtime="20200720 22:41:24.508"></status>
</kw>
<kw name="Input Text" library="AppiumLibrary">
<doc>Types the given `text` into text field identified by `locator`.</doc>
<arguments>
<arg>${INPUT_EMAIL}</arg>
<arg>${email}</arg>
</arguments>
<msg timestamp="20200720 22:41:24.512" level="INFO">Typing text 'fernando@qaninja.io' into text field 'id=qaninja.com.pixel:id/usernameTxt'</msg>
<status status="PASS" starttime="20200720 22:41:24.508" endtime="20200720 22:41:24.620"></status>
</kw>
<kw name="Input Text" library="AppiumLibrary">
<doc>Types the given `text` into text field identified by `locator`.</doc>
<arguments>
<arg>${INPUT_PASSWORD}</arg>
<arg>${senha}</arg>
</arguments>
<msg timestamp="20200720 22:41:24.624" level="INFO">Typing text 'pass123' into text field 'id=qaninja.com.pixel:id/passwordTxt'</msg>
<status status="PASS" starttime="20200720 22:41:24.621" endtime="20200720 22:41:25.196"></status>
</kw>
<kw name="Click Element" library="AppiumLibrary">
<doc>Click element identified by `locator`.</doc>
<arguments>
<arg>${BT_LOGIN}</arg>
</arguments>
<msg timestamp="20200720 22:41:25.202" level="INFO">Clicking element 'id=qaninja.com.pixel:id/loginButt'.</msg>
<status status="PASS" starttime="20200720 22:41:25.196" endtime="20200720 22:41:25.755"></status>
</kw>
<status status="PASS" starttime="20200720 22:41:22.505" endtime="20200720 22:41:25.756"></status>
</kw>
<status status="PASS" starttime="20200720 22:41:18.011" endtime="20200720 22:41:25.756"></status>
</kw>
<kw name="Tenho o seguinte produto no meu carrinho:" library="cart">
<arguments>
<arg>F-Zero</arg>
<arg>Super Nintendo</arg>
</arguments>
<kw name="Acesso a categoria &quot;${category}&quot;" library="cart">
<kw name="Convert To Upper Case" library="String">
<doc>Converts string to upper case.</doc>
<arguments>
<arg>${category}</arg>
</arguments>
<assign>
<var>${target}</var>
</assign>
<msg timestamp="20200720 22:41:25.758" level="INFO">${target} = SUPER NINTENDO</msg>
<status status="PASS" starttime="20200720 22:41:25.758" endtime="20200720 22:41:25.758"></status>
</kw>
<kw name="Wait Until Page Contains" library="AppiumLibrary">
<doc>Waits until `text` appears on current page.</doc>
<arguments>
<arg>${target}</arg>
</arguments>
<status status="PASS" starttime="20200720 22:41:25.759" endtime="20200720 22:41:27.867"></status>
</kw>
<kw name="Click Text" library="AppiumLibrary">
<doc>Click text identified by ``text``.</doc>
<arguments>
<arg>${target}</arg>
</arguments>
<status status="PASS" starttime="20200720 22:41:27.867" endtime="20200720 22:41:31.965"></status>
</kw>
<status status="PASS" starttime="20200720 22:41:25.758" endtime="20200720 22:41:31.965"></status>
</kw>
<kw name="Escolho o produto &quot;${product}&quot;" library="cart">
<kw name="Wait Until Page Contains" library="AppiumLibrary">
<doc>Waits until `text` appears on current page.</doc>
<arguments>
<arg>${product}</arg>
</arguments>
<status status="PASS" starttime="20200720 22:41:31.967" endtime="20200720 22:41:32.856"></status>
</kw>
<kw name="Click Text" library="AppiumLibrary">
<doc>Click text identified by ``text``.</doc>
<arguments>
<arg>${product}</arg>
</arguments>
<status status="PASS" starttime="20200720 22:41:32.857" endtime="20200720 22:41:34.061"></status>
</kw>
<kw name="Set Test Variable" library="BuiltIn">
<doc>Makes a variable available everywhere within the scope of the current test.</doc>
<arguments>
<arg>${product}</arg>
</arguments>
<msg timestamp="20200720 22:41:34.062" level="INFO">${product} = F-Zero</msg>
<status status="PASS" starttime="20200720 22:41:34.061" endtime="20200720 22:41:34.062"></status>
</kw>
<status status="PASS" starttime="20200720 22:41:31.966" endtime="20200720 22:41:34.062"></status>
</kw>
<kw name="Adiciono este item ao carrinho" library="cart">
<kw name="Wait Until Page Contains" library="AppiumLibrary">
<doc>Waits until `text` appears on current page.</doc>
<arguments>
<arg>${product}</arg>
</arguments>
<status status="PASS" starttime="20200720 22:41:34.063" endtime="20200720 22:41:36.229"></status>
</kw>
<kw name="Click Text" library="AppiumLibrary">
<doc>Click text identified by ``text``.</doc>
<arguments>
<arg>ADICIONAR AO CARRINHO</arg>
</arguments>
<status status="PASS" starttime="20200720 22:41:36.230" endtime="20200720 22:41:36.385"></status>
</kw>
<status status="PASS" starttime="20200720 22:41:34.063" endtime="20200720 22:41:36.385"></status>
</kw>
<kw name="Wait Until Page Contains Element" library="AppiumLibrary">
<doc>Waits until element specified with `locator` appears on current page.</doc>
<arguments>
<arg>${POPUP_OK}</arg>
</arguments>
<status status="PASS" starttime="20200720 22:41:36.386" endtime="20200720 22:41:37.556"></status>
</kw>
<kw name="Click Element" library="AppiumLibrary">
<doc>Click element identified by `locator`.</doc>
<arguments>
<arg>${POPUP_OK}</arg>
</arguments>
<msg timestamp="20200720 22:41:37.560" level="INFO">Clicking element 'id=android:id/button1'.</msg>
<status status="PASS" starttime="20200720 22:41:37.557" endtime="20200720 22:41:37.616"></status>
</kw>
<kw name="Sleep" library="BuiltIn">
<doc>Pauses the test executed for the given time.</doc>
<arguments>
<arg>1</arg>
</arguments>
<msg timestamp="20200720 22:41:38.622" level="INFO">Slept 1 second</msg>
<status status="PASS" starttime="20200720 22:41:37.616" endtime="20200720 22:41:38.622"></status>
</kw>
<kw name="Go Back" library="AppiumLibrary">
<doc>Goes one step backward in the browser history.</doc>
<status status="PASS" starttime="20200720 22:41:38.622" endtime="20200720 22:41:38.848"></status>
</kw>
<kw name="Wait Until Page Contains" library="AppiumLibrary">
<doc>Waits until `text` appears on current page.</doc>
<arguments>
<arg>${product}</arg>
</arguments>
<status status="PASS" starttime="20200720 22:41:38.848" endtime="20200720 22:41:40.603"></status>
</kw>
<kw name="Go Back" library="AppiumLibrary">
<doc>Goes one step backward in the browser history.</doc>
<status status="PASS" starttime="20200720 22:41:40.606" endtime="20200720 22:41:40.826"></status>
</kw>
<kw name="Sleep" library="BuiltIn">
<doc>Pauses the test executed for the given time.</doc>
<arguments>
<arg>1</arg>
</arguments>
<msg timestamp="20200720 22:41:41.840" level="INFO">Slept 1 second</msg>
<status status="PASS" starttime="20200720 22:41:40.827" endtime="20200720 22:41:41.840"></status>
</kw>
<kw name="Acessa carrinho" library="shared">
<kw name="Get Webelements" library="AppiumLibrary">
<doc>Returns list of [http://selenium-python.readthedocs.io/api.html#module-selenium.webdriver.remote.webelement|WebElement] objects matching ``locator``.</doc>
<arguments>
<arg>${MENU_LIST}</arg>
</arguments>
<assign>
<var>${elements}</var>
</assign>
<msg timestamp="20200720 22:41:42.005" level="INFO">${elements} = [&lt;appium.webdriver.webelement.WebElement (session="0844e8c9-8108-48b1-8cea-1a85c1013d6e", element="8f05182f-0e6d-4b43-95dd-a1c3cd3ed6e3")&gt;, &lt;appium.webdriver.webelement.WebElement (session="0844e8c9-8...</msg>
<status status="PASS" starttime="20200720 22:41:41.841" endtime="20200720 22:41:42.005"></status>
</kw>
<kw name="Click Element" library="AppiumLibrary">
<doc>Click element identified by `locator`.</doc>
<arguments>
<arg>${elements}[2]</arg>
</arguments>
<msg timestamp="20200720 22:41:42.007" level="INFO">Clicking element '&lt;appium.webdriver.webelement.WebElement (session="0844e8c9-8108-48b1-8cea-1a85c1013d6e", element="48f9b225-44cb-4a57-aecb-acccb831d334")&gt;'.</msg>
<status status="PASS" starttime="20200720 22:41:42.006" endtime="20200720 22:41:42.053"></status>
</kw>
<status status="PASS" starttime="20200720 22:41:41.840" endtime="20200720 22:41:42.054"></status>
</kw>
<kw name="Click Element" library="AppiumLibrary">
<doc>Click element identified by `locator`.</doc>
<arguments>
<arg>${BUTTON_REFRESH}</arg>
</arguments>
<msg timestamp="20200720 22:41:42.057" level="INFO">Clicking element 'id=qaninja.com.pixel:id/refreshButt'.</msg>
<status status="PASS" starttime="20200720 22:41:42.054" endtime="20200720 22:41:43.433"></status>
</kw>
<status status="PASS" starttime="20200720 22:41:25.757" endtime="20200720 22:41:43.436"></status>
</kw>
<kw name="Finalizo a compra com Paypal" library="cart">
<kw name="Click Text" library="AppiumLibrary">
<doc>Click text identified by ``text``.</doc>
<arguments>
<arg>FINALIZAR COMPRA</arg>
</arguments>
<status status="PASS" starttime="20200720 22:41:43.438" endtime="20200720 22:41:45.301"></status>
</kw>
<kw name="Wait Until Page Contains" library="AppiumLibrary">
<doc>Waits until `text` appears on current page.</doc>
<arguments>
<arg>Log In with PayPal</arg>
</arguments>
<status status="PASS" starttime="20200720 22:41:45.302" endtime="20200720 22:41:50.867"></status>
</kw>
<kw name="Input Text" library="AppiumLibrary">
<doc>Types the given `text` into text field identified by `locator`.</doc>
<arguments>
<arg>${EMAIL_PAYPAL}</arg>
<arg>test@qaninja.io</arg>
</arguments>
<msg timestamp="20200720 22:41:50.872" level="INFO">Typing text 'test@qaninja.io' into text field 'xpath=//android.widget.EditText[@content-desc="Email"]'</msg>
<status status="PASS" starttime="20200720 22:41:50.868" endtime="20200720 22:41:51.064"></status>
</kw>
<kw name="Input Text" library="AppiumLibrary">
<doc>Types the given `text` into text field identified by `locator`.</doc>
<arguments>
<arg>${SENHA_PAYPAL}</arg>
<arg>qaninja123456</arg>
</arguments>
<msg timestamp="20200720 22:41:51.067" level="INFO">Typing text 'qaninja123456' into text field 'xpath=//android.widget.EditText[@content-desc="Password"]'</msg>
<status status="PASS" starttime="20200720 22:41:51.064" endtime="20200720 22:41:52.312"></status>
</kw>
<kw name="Wait Until Element Is Visible" library="AppiumLibrary">
<doc>Waits until element specified with `locator` is visible.</doc>
<arguments>
<arg>${LOGIN_PAYPAL}</arg>
</arguments>
<status status="PASS" starttime="20200720 22:41:52.313" endtime="20200720 22:41:52.941"></status>
</kw>
<kw name="Click Element" library="AppiumLibrary">
<doc>Click element identified by `locator`.</doc>
<arguments>
<arg>${LOGIN_PAYPAL}</arg>
</arguments>
<msg timestamp="20200720 22:41:52.944" level="INFO">Clicking element 'xpath=//*[@text="Log In" ]'.</msg>
<status status="PASS" starttime="20200720 22:41:52.942" endtime="20200720 22:41:53.171"></status>
</kw>
<kw name="Wait Until Page Contains" library="AppiumLibrary">
<doc>Waits until `text` appears on current page.</doc>
<arguments>
<arg>NinjaPixel purchase</arg>
</arguments>
<status status="PASS" starttime="20200720 22:41:53.172" endtime="20200720 22:41:57.847"></status>
</kw>
<kw name="Click Element" library="AppiumLibrary">
<doc>Click element identified by `locator`.</doc>
<arguments>
<arg>${PAY_PAYPAL}</arg>
</arguments>
<msg timestamp="20200720 22:41:57.850" level="INFO">Clicking element 'xpath=//*[@text="Pay"]'.</msg>
<status status="PASS" starttime="20200720 22:41:57.847" endtime="20200720 22:41:58.062"></status>
</kw>
<kw name="Wait Until Element Is Visible" library="AppiumLibrary">
<doc>Waits until element specified with `locator` is visible.</doc>
<arguments>
<arg>${POPUP}</arg>
</arguments>
<status status="PASS" starttime="20200720 22:41:58.062" endtime="20200720 22:41:58.689"></status>
</kw>
<kw name="Wait Until Page Does Not Contain" library="AppiumLibrary">
<doc>Waits until `text` disappears from current page.</doc>
<arguments>
<arg>One moment…</arg>
</arguments>
<status status="PASS" starttime="20200720 22:41:58.689" endtime="20200720 22:42:02.455"></status>
</kw>
<status status="PASS" starttime="20200720 22:41:43.437" endtime="20200720 22:42:02.456"></status>
</kw>
<kw name="Devo ver o popup com a mensagem:" library="shared">
<arguments>
<arg>Você pagou seu pedido atraves do PayPal! Entregaremos sua encomenda o mais rápido possível!</arg>
</arguments>
<kw name="Wait Until Page Contains Element" library="AppiumLibrary">
<doc>Waits until element specified with `locator` appears on current page.</doc>
<arguments>
<arg>${POPUP}</arg>
</arguments>
<status status="PASS" starttime="20200720 22:42:02.457" endtime="20200720 22:42:03.019"></status>
</kw>
<kw name="Element Text Should Be" library="AppiumLibrary">
<doc>Verifies element identified by ``locator`` exactly contains text ``expected``.</doc>
<arguments>
<arg>${POPUP}</arg>
<arg>${expect_message}</arg>
</arguments>
<msg timestamp="20200720 22:42:03.025" level="INFO">Verifying element 'id=android:id/message' contains exactly text 'Você pagou seu pedido atraves do PayPal! Entregaremos sua encomenda o mais rápido possível!'.</msg>
<status status="PASS" starttime="20200720 22:42:03.019" endtime="20200720 22:42:03.354"></status>
</kw>
<status status="PASS" starttime="20200720 22:42:02.456" endtime="20200720 22:42:03.354"></status>
</kw>
<kw name="Fechar app" library="android" type="teardown">
<kw name="Capture Page Screenshot" library="AppiumLibrary">
<doc>Takes a screenshot of the current page and embeds it into the log.</doc>
<msg timestamp="20200720 22:42:04.336" level="INFO" html="yes">&lt;/td&gt;&lt;/tr&gt;&lt;tr&gt;&lt;td colspan="3"&gt;&lt;a href="appium-screenshot-1.png"&gt;&lt;img src="appium-screenshot-1.png" width="800px"&gt;&lt;/a&gt;</msg>
<status status="PASS" starttime="20200720 22:42:03.358" endtime="20200720 22:42:04.338"></status>
</kw>
<kw name="Close Application" library="AppiumLibrary">
<doc>Closes the current application and also close webdriver session.</doc>
<status status="PASS" starttime="20200720 22:42:04.339" endtime="20200720 22:42:06.274"></status>
</kw>
<status status="PASS" starttime="20200720 22:42:03.357" endtime="20200720 22:42:06.274"></status>
</kw>
<tags>
<tag>comprar</tag>
</tags>
<status status="PASS" starttime="20200720 22:40:59.156" endtime="20200720 22:42:06.275" critical="yes"></status>
</test>
<status status="PASS" starttime="20200720 22:40:58.758" endtime="20200720 22:42:06.277"></status>
</suite>
<statistics>
<total>
<stat pass="1" fail="0">Critical Tests</stat>
<stat pass="1" fail="0">All Tests</stat>
</total>
<tag>
<stat pass="1" fail="0">comprar</stat>
</tag>
<suite>
<stat pass="1" fail="0" id="s1" name="Cart">Cart</stat>
</suite>
</statistics>
<errors>
</errors>
</robot>
